[0m04:44:02  Running with dbt=1.9.8
[0m04:44:02  dbt version: 1.9.8
[0m04:44:02  python version: 3.10.12
[0m04:44:02  python path: /bin/python3
[0m04:44:02  os info: Linux-6.6.87.2-microsoft-standard-WSL2-x86_64-with-glibc2.35
[0m04:44:02  Using profiles dir at /home/biyanbahtiar/.dbt
[0m04:44:02  Using profiles.yml file at /home/biyanbahtiar/.dbt/profiles.yml
[0m04:44:02  Using dbt_project.yml file at /home/biyanbahtiar/pacmann/data_storage/dbt_x_luigi/pacbook_store/pipeline/src_query/dbt_transform/dbt_project.yml
[0m04:44:02  adapter type: postgres
[0m04:44:02  adapter version: 1.9.0
[0m04:44:03  Configuration:
[0m04:44:03    profiles.yml file [[32mOK found and valid[0m]
[0m04:44:03    dbt_project.yml file [[32mOK found and valid[0m]
[0m04:44:03  Required dependencies:
[0m04:44:03   - git [[32mOK found[0m]

[0m04:44:03  Connection:
[0m04:44:03    host: localhost
[0m04:44:03    port: 5434
[0m04:44:03    user: postgres
[0m04:44:03    database: pacbook_dwh
[0m04:44:03    schema: mart
[0m04:44:03    connect_timeout: 10
[0m04:44:03    role: None
[0m04:44:03    search_path: None
[0m04:44:03    keepalives_idle: 0
[0m04:44:03    sslmode: None
[0m04:44:03    sslcert: None
[0m04:44:03    sslkey: None
[0m04:44:03    sslrootcert: None
[0m04:44:03    application_name: dbt
[0m04:44:03    retries: 1
[0m04:44:03  Registered adapter: postgres=1.9.0
[0m04:44:03    Connection test: [[32mOK connection ok[0m]

[0m04:44:03  [32mAll checks passed![0m
[0m04:44:11  Running with dbt=1.9.8
[0m04:44:12  [[33mWARNING[0m]: Deprecated functionality
The `calogica/dbt_date` package is deprecated in favor of
`godatadriven/dbt_date`. Please update your `packages.yml` configuration to use
`godatadriven/dbt_date` instead.
[0m04:44:13  Installing calogica/dbt_date
[0m04:44:13  Installed from version 0.10.1
[0m04:44:13  Up to date!
[0m04:44:13  Installing calogica/dbt_expectations
[0m04:44:15  Installed from version 0.10.4
[0m04:44:15  Up to date!
[0m04:44:15  Installing dbt-labs/dbt_utils
[0m04:44:15  Installed from version 1.3.0
[0m04:44:15  Up to date!
[0m04:44:15  Installing Snowflake-Labs/dbt_constraints
[0m04:44:16  Installed from version 0.6.3
[0m04:44:16  Updated version available: 1.0.5
[0m04:44:16  
[0m04:44:16  Updates available for packages: ['Snowflake-Labs/dbt_constraints']                 
Update your versions in packages.yml, then run dbt deps
[0m04:44:22  Running with dbt=1.9.8
[0m04:44:22  Registered adapter: postgres=1.9.0
[0m04:44:24  Found 7 snapshots, 1 seed, 1 operation, 69 data tests, 1 model, 15 sources, 896 macros
[0m04:44:24  
[0m04:44:24  Concurrency: 2 threads (target='dev')
[0m04:44:24  
[0m04:44:24  1 of 1 START seed file mart.dim_time ........................................... [RUN]
[0m04:44:27  1 of 1 OK loaded seed file mart.dim_time ....................................... [[32mINSERT 1440[0m in 2.43s]
[0m04:44:27  
[0m04:44:27  Running dbt Constraints
[0m04:44:27  Finished dbt Constraints
[0m04:44:27  1 of 1 START hook: dbt_constraints.on-run-end.0 ................................ [RUN]
[0m04:44:27  1 of 1 OK hook: dbt_constraints.on-run-end.0 ................................... [[32mOK[0m in 0.14s]
[0m04:44:27  
[0m04:44:27  Finished running 1 project hook, 1 seed in 0 hours 0 minutes and 3.00 seconds (3.00s).
[0m04:44:27  
[0m04:44:27  [32mCompleted successfully[0m
[0m04:44:27  
[0m04:44:27  Done. PASS=2 WARN=0 ERROR=0 SKIP=0 TOTAL=2
[0m04:44:33  Running with dbt=1.9.8
[0m04:44:34  Registered adapter: postgres=1.9.0
[0m04:44:35  Found 7 snapshots, 1 seed, 1 operation, 69 data tests, 1 model, 15 sources, 896 macros
[0m04:44:35  
[0m04:44:35  Concurrency: 2 threads (target='dev')
[0m04:44:35  
[0m04:44:36  1 of 1 START sql table model mart.dim_date ..................................... [RUN]
[0m04:44:37  1 of 1 OK created sql table model mart.dim_date ................................ [[32mSELECT 22279[0m in 1.71s]
[0m04:44:37  
[0m04:44:37  Running dbt Constraints
[0m04:44:38  Finished dbt Constraints
[0m04:44:38  1 of 1 START hook: dbt_constraints.on-run-end.0 ................................ [RUN]
[0m04:44:38  1 of 1 OK hook: dbt_constraints.on-run-end.0 ................................... [[32mOK[0m in 0.13s]
[0m04:44:38  
[0m04:44:38  Finished running 1 project hook, 1 table model in 0 hours 0 minutes and 2.26 seconds (2.26s).
[0m04:44:38  
[0m04:44:38  [32mCompleted successfully[0m
[0m04:44:38  
[0m04:44:38  Done. PASS=2 WARN=0 ERROR=0 SKIP=0 TOTAL=2
[0m04:44:46  Running with dbt=1.9.8
[0m04:44:47  Registered adapter: postgres=1.9.0
[0m04:44:48  Found 7 snapshots, 1 seed, 1 operation, 69 data tests, 1 model, 15 sources, 896 macros
[0m04:44:48  
[0m04:44:48  Concurrency: 2 threads (target='dev')
[0m04:44:48  
[0m04:44:49  1 of 7 START snapshot mart.bridge_book_author .................................. [RUN]
[0m04:44:49  2 of 7 START snapshot mart.dim_address ......................................... [RUN]
[0m04:44:50  2 of 7 OK snapshotted mart.dim_address ......................................... [[32mINSERT 0 0[0m in 1.19s]
[0m04:44:50  3 of 7 START snapshot mart.dim_author .......................................... [RUN]
[0m04:44:50  1 of 7 OK snapshotted mart.bridge_book_author .................................. [[32mINSERT 0 0[0m in 1.54s]
[0m04:44:50  4 of 7 START snapshot mart.dim_book ............................................ [RUN]
[0m04:44:51  3 of 7 OK snapshotted mart.dim_author .......................................... [[32mINSERT 0 0[0m in 0.67s]
[0m04:44:51  5 of 7 START snapshot mart.dim_customer ........................................ [RUN]
[0m04:44:51  4 of 7 OK snapshotted mart.dim_book ............................................ [[32mINSERT 0 0[0m in 0.79s]
[0m04:44:51  5 of 7 OK snapshotted mart.dim_customer ........................................ [[32mINSERT 0 0[0m in 0.49s]
[0m04:44:51  6 of 7 START snapshot mart.fct_book_order ...................................... [RUN]
[0m04:44:51  7 of 7 START snapshot mart.fct_customer_behavior ............................... [RUN]
[0m04:44:52  7 of 7 ERROR snapshotting mart.fct_customer_behavior ........................... [[31mERROR[0m in 1.05s]
[0m04:44:59  6 of 7 OK snapshotted mart.fct_book_order ...................................... [[32mINSERT 0 1[0m in 7.58s]
[0m04:44:59  
[0m04:44:59  Running dbt Constraints
[0m04:44:59  Finished dbt Constraints
[0m04:44:59  1 of 1 START hook: dbt_constraints.on-run-end.0 ................................ [RUN]
[0m04:44:59  1 of 1 OK hook: dbt_constraints.on-run-end.0 ................................... [[32mOK[0m in 0.19s]
[0m04:44:59  
[0m04:44:59  Finished running 1 project hook, 7 snapshots in 0 hours 0 minutes and 10.66 seconds (10.66s).
[0m04:44:59  
[0m04:44:59  [31mCompleted with 1 error, 0 partial successes, and 0 warnings:[0m
[0m04:44:59  
[0m04:44:59    Database Error in snapshot fct_customer_behavior (snapshots/fct_customer_behavior.sql)
  duplicate key value violates unique constraint "fct_customer_behavior_sk_customer_id_pk"
  DETAIL:  Key (sk_customer_id)=(c4ca4238a0b923820dcc509a6f75849b) already exists.
  compiled code at target/run/pacbook_dwh/snapshots/fct_customer_behavior.sql
[0m04:44:59  
[0m04:44:59  Done. PASS=7 WARN=0 ERROR=1 SKIP=0 TOTAL=8
